app/build/outputs/logs/manifest-merger-debug-report.txt
-- Merging decision tree log ---
manifest
ADDED from src\main\AndroidManifest.xml:2:1-124:12
	package
		ADDED from src\main\AndroidManifest.xml:3:5-38
		INJECTED from src\main\AndroidManifest.xml
		INJECTED from src\main\AndroidManifest.xml
	android:versionName
		ADDED from src\main\AndroidManifest.xml:5:5-32
	android:versionCode
		ADDED from src\main\AndroidManifest.xml:4:5-28
		INJECTED from src\main\AndroidManifest.xml
		INJECTED from src\main\AndroidManifest.xml
	xmlns:android
		ADDED from src\main\AndroidManifest.xml:2:11-69
uses-sdk
ADDED from src\main\AndroidManifest.xml:7:5-9:41
MERGED from [com.android.support:appcompat-v7:19.1.0] AndroidManifest.xml:18:5-42
	android:targetSdkVersion
		ADDED from src\main\AndroidManifest.xml:9:9-38
		INJECTED from src\main\AndroidManifest.xml
		INJECTED from src\main\AndroidManifest.xml
	android:minSdkVersion
		ADDED from src\main\AndroidManifest.xml:8:9-34
		INJECTED from src\main\AndroidManifest.xml
		INJECTED from src\main\AndroidManifest.xml
uses-permission#android.permission.INTERNET
ADDED from src\main\AndroidManifest.xml:11:5-67
	android:name
		ADDED from src\main\AndroidManifest.xml:11:22-64
uses-permission#android.permission.ACCESS_NETWORK_STATE
ADDED from src\main\AndroidManifest.xml:12:5-79
	android:name
		ADDED from src\main\AndroidManifest.xml:12:22-76
application
ADDED from src\main\AndroidManifest.xml:14:5-122:19
MERGED from [com.android.support:appcompat-v7:19.1.0] AndroidManifest.xml:19:5-20
	android:label
		ADDED from src\main\AndroidManifest.xml:18:9-41
	android:hardwareAccelerated
		ADDED from src\main\AndroidManifest.xml:16:9-43
	android:allowBackup
		ADDED from src\main\AndroidManifest.xml:15:9-35
	android:icon
		ADDED from src\main\AndroidManifest.xml:17:9-55
	android:description
		ADDED from src\main\AndroidManifest.xml:20:48-86
	android:theme
		ADDED from src\main\AndroidManifest.xml:20:9-47
	android:logo
		ADDED from src\main\AndroidManifest.xml:19:9-45
activity#de.uni_mannheim.bib.app.MainActivity
ADDED from src\main\AndroidManifest.xml:21:9-28:20
	android:label
		ADDED from src\main\AndroidManifest.xml:23:13-45
	android:name
		ADDED from src\main\AndroidManifest.xml:22:13-64
intent-filter#android.intent.action.MAIN+android.intent.category.LAUNCHER
ADDED from src\main\AndroidManifest.xml:24:13-27:29
action#android.intent.action.MAIN
ADDED from src\main\AndroidManifest.xml:25:17-69
	android:name
		ADDED from src\main\AndroidManifest.xml:25:25-66
category#android.intent.category.LAUNCHER
ADDED from src\main\AndroidManifest.xml:26:17-77
	android:name
		ADDED from src\main\AndroidManifest.xml:26:27-74
activity#de.uni_mannheim.bib.app.StartUpActivity
ADDED from src\main\AndroidManifest.xml:29:9-36:20
	android:label
		ADDED from src\main\AndroidManifest.xml:31:13-60
	android:parentActivityName
		ADDED from src\main\AndroidManifest.xml:32:13-78
	android:name
		ADDED from src\main\AndroidManifest.xml:30:13-67
meta-data#android.support.PARENT_ACTIVITY
ADDED from src\main\AndroidManifest.xml:33:13-35:72
	android:value
		ADDED from src\main\AndroidManifest.xml:35:17-69
	android:name
		ADDED from src\main\AndroidManifest.xml:34:17-63
activity#de.uni_mannheim.bib.app.WebviewActivity
ADDED from src\main\AndroidManifest.xml:37:9-45:20
	android:label
		ADDED from src\main\AndroidManifest.xml:40:13-59
	android:parentActivityName
		ADDED from src\main\AndroidManifest.xml:41:13-78
	android:configChanges
		ADDED from src\main\AndroidManifest.xml:39:13-83
	android:name
		ADDED from src\main\AndroidManifest.xml:38:13-67
activity#de.uni_mannheim.bib.app.BlogActivity
ADDED from src\main\AndroidManifest.xml:46:9-54:20
	android:label
		ADDED from src\main\AndroidManifest.xml:49:13-56
	android:parentActivityName
		ADDED from src\main\AndroidManifest.xml:50:13-78
	android:configChanges
		ADDED from src\main\AndroidManifest.xml:48:13-83
	android:name
		ADDED from src\main\AndroidManifest.xml:47:13-64
activity#de.uni_mannheim.bib.app.LoadActivity
ADDED from src\main\AndroidManifest.xml:55:9-63:20
	android:label
		ADDED from src\main\AndroidManifest.xml:58:13-56
	android:parentActivityName
		ADDED from src\main\AndroidManifest.xml:59:13-78
	android:configChanges
		ADDED from src\main\AndroidManifest.xml:57:13-83
	android:name
		ADDED from src\main\AndroidManifest.xml:56:13-64
activity#de.uni_mannheim.bib.app.ConfigActivity
ADDED from src\main\AndroidManifest.xml:64:9-71:20
	android:label
		ADDED from src\main\AndroidManifest.xml:66:13-58
	android:parentActivityName
		ADDED from src\main\AndroidManifest.xml:67:13-78
	android:name
		ADDED from src\main\AndroidManifest.xml:65:13-66
activity#de.uni_mannheim.bib.app.HelpActivity
ADDED from src\main\AndroidManifest.xml:72:9-79:20
	android:label
		ADDED from src\main\AndroidManifest.xml:74:13-56
	android:parentActivityName
		ADDED from src\main\AndroidManifest.xml:75:13-78
	android:name
		ADDED from src\main\AndroidManifest.xml:73:13-64
activity#de.uni_mannheim.bib.app.OfflineActivity
ADDED from src\main\AndroidManifest.xml:80:9-87:20
	android:label
		ADDED from src\main\AndroidManifest.xml:82:13-59
	android:parentActivityName
		ADDED from src\main\AndroidManifest.xml:83:13-78
	android:name
		ADDED from src\main\AndroidManifest.xml:81:13-67
activity#de.uni_mannheim.bib.app.EmptyActivity
ADDED from src\main\AndroidManifest.xml:88:9-91:20
	android:label
		ADDED from src\main\AndroidManifest.xml:90:13-57
	android:name
		ADDED from src\main\AndroidManifest.xml:89:13-65
activity#de.uni_mannheim.bib.app.TestDBActivity2
ADDED from src\main\AndroidManifest.xml:92:9-95:20
	android:label
		ADDED from src\main\AndroidManifest.xml:94:13-68
	android:name
		ADDED from src\main\AndroidManifest.xml:93:13-67
activity#de.uni_mannheim.bib.app.SettingsActivity
ADDED from src\main\AndroidManifest.xml:96:9-103:20
	android:label
		ADDED from src\main\AndroidManifest.xml:98:13-60
	android:parentActivityName
		ADDED from src\main\AndroidManifest.xml:99:13-78
	android:name
		ADDED from src\main\AndroidManifest.xml:97:13-68